#
# A fatal error has been detected by the Java Runtime Environment:
#
#  EXCEPTION_ACCESS_VIOLATION (0xc0000005) at pc=0x0000000070bd2a19, pid=9656, tid=9820
#
# JRE version: OpenJDK Runtime Environment (16.0.2+7) (build 16.0.2+7-67)
# Java VM: OpenJDK 64-Bit Server VM (16.0.2+7-67, mixed mode, sharing, tiered, compressed oops, compressed class ptrs, g1 gc, windows-amd64)
# Problematic frame:
# C  [sqlite-3.36.0.3-3315cc9e-8460-419d-80bb-831fd8801932-sqlitejdbc.dll+0x12a19]
#
# No core dump will be written. Minidumps are not enabled by default on client versions of Windows
#
# If you would like to submit a bug report, please visit:
#   https://bugreport.java.com/bugreport/crash.jsp
# The crash happened outside the Java Virtual Machine in native code.
# See problematic frame for where to report the bug.
#

---------------  S U M M A R Y ------------

Command Line: -ea -Didea.test.cyclic.buffer.size=1048576 -javaagent:C:\Program Files\JetBrains\IntelliJ IDEA Community Edition 2021.2\lib\idea_rt.jar=59233:C:\Program Files\JetBrains\IntelliJ IDEA Community Edition 2021.2\bin -Dfile.encoding=UTF-8 com.intellij.rt.junit.JUnitStarter -ideVersion5 -junit4 ru.etysoft.cuteframework.CuteFrameworkTest

Host: Intel(R) Core(TM) i3-10100F CPU @ 3.60GHz, 8 cores, 15G,  Windows 10 , 64 bit Build 22557 (10.0.22557.1)
Time: Mon Mar 14 23:21:54 2022 RTZ 2 (s 10 , 64 bit Build 22557 (10.0.22557.1) elapsed time: 2.152613 seconds (0d 0h 0m 2s)

---------------  T H R E A D  ---------------

Current thread (0x000002034bcd2ad0):  JavaThread "main" [_thread_in_native, id=9820, stack(0x0000009447900000,0x0000009447a00000)]

Stack: [0x0000009447900000,0x0000009447a00000],  sp=0x00000094479fdc60,  free space=1015k
Native frames: (J=compiled Java code, j=interpreted, Vv=VM code, C=native code)
C  [sqlite-3.36.0.3-3315cc9e-8460-419d-80bb-831fd8801932-sqlitejdbc.dll+0x12a19]

Java frames: (J=compiled Java code, j=interpreted, Vv=VM code)
j  org.sqlite.core.NativeDB.column_text_utf8(JI)Ljava/nio/ByteBuffer;+0
j  org.sqlite.core.NativeDB.column_text(JI)Ljava/lang/String;+3
j  org.sqlite.jdbc3.JDBC3ResultSet.getString(I)Ljava/lang/String;+18
j  org.sqlite.jdbc3.JDBC3ResultSet.getString(Ljava/lang/String;)Ljava/lang/String;+6
j  ru.etysoft.cuteframework.storage.tables.Table.getUniqueString(Ljava/lang/String;)Ljava/lang/String;+34
j  ru.etysoft.cuteframework.storage.tables.UserAccountTable.getToken()Ljava/lang/String;+5
j  ru.etysoft.cuteframework.CuteFrameworkTest.stressSql()V+31
v  ~StubRoutines::call_stub
j  jdk.internal.reflect.NativeMethodAccessorImpl.invoke0(Ljava/lang/reflect/Method;Ljava/lang/Object;[Ljava/lang/Object;)Ljava/lang/Object;+0 java.base@16.0.2
j  jdk.internal.reflect.NativeMethodAccessorImpl.invoke(Ljava/lang/Object;[Ljava/lang/Object;)Ljava/lang/Object;+146 java.base@16.0.2
j  jdk.internal.reflect.DelegatingMethodAccessorImpl.invoke(Ljava/lang/Object;[Ljava/lang/Object;)Ljava/lang/Object;+6 java.base@16.0.2
j  java.lang.reflect.Method.invoke(Ljava/lang/Object;[Ljava/lang/Object;)Ljava/lang/Object;+59 java.base@16.0.2
j  org.junit.runners.model.FrameworkMethod$1.runReflectiveCall()Ljava/lang/Object;+15
j  org.junit.internal.runners.model.ReflectiveCallable.run()Ljava/lang/Object;+1
j  org.junit.runners.model.FrameworkMethod.invokeExplosively(Ljava/lang/Object;[Ljava/lang/Object;)Ljava/lang/Object;+10
j  org.junit.internal.runners.statements.InvokeMethod.evaluate()V+12
j  org.junit.runners.ParentRunner.runLeaf(Lorg/junit/runners/model/Statement;Lorg/junit/runner/Description;Lorg/junit/runner/notification/RunNotifier;)V+17
j  org.junit.runners.BlockJUnit4ClassRunner.runChild(Lorg/junit/runners/model/FrameworkMethod;Lorg/junit/runner/notification/RunNotifier;)V+30
j  org.junit.runners.BlockJUnit4ClassRunner.runChild(Ljava/lang/Object;Lorg/junit/runner/notification/RunNotifier;)V+6
j  org.junit.runners.ParentRunner$3.run()V+12
j  org.junit.runners.ParentRunner$1.schedule(Ljava/lang/Runnable;)V+1
j  org.junit.runners.ParentRunner.runChildren(Lorg/junit/runner/notification/RunNotifier;)V+44
j  org.junit.runners.ParentRunner.access$000(Lorg/junit/runners/ParentRunner;Lorg/junit/runner/notification/RunNotifier;)V+2
j  org.junit.runners.ParentRunner$2.evaluate()V+8
j  org.junit.runners.ParentRunner.run(Lorg/junit/runner/notification/RunNotifier;)V+20
j  org.junit.runner.JUnitCore.run(Lorg/junit/runner/Runner;)Lorg/junit/runner/Result;+37
j  com.intellij.junit4.JUnit4IdeaTestRunner.startRunnerWithArgs([Ljava/lang/String;Ljava/lang/String;IZ)I+166
j  com.intellij.rt.junit.IdeaTestRunner$Repeater.startRunnerWithArgs(Lcom/intellij/rt/junit/IdeaTestRunner;[Ljava/lang/String;Ljava/util/ArrayList;Ljava/lang/String;IZ)I+22
j  com.intellij.rt.junit.JUnitStarter.prepareStreamsAndStart([Ljava/lang/String;Ljava/lang/String;Ljava/util/ArrayList;Ljava/lang/String;)I+116
j  com.intellij.rt.junit.JUnitStarter.main([Ljava/lang/String;)V+97
v  ~StubRoutines::call_stub

siginfo: EXCEPTION_ACCESS_VIOLATION (0xc0000005), reading address 0x00000200656d6186


Register to memory mapping:

RIP=0x0000000070bd2a19 sqlite-3.36.0.3-3315cc9e-8460-419d-80bb-831fd8801932-sqlitejdbc.dll
RAX=0x00000200656d616e is an unknown value
RBX=0x0000000000000001 is an unknown value
RCX=0x00000203703477c8 points into unknown readable memory: 0x00000200656d616e | 6e 61 6d 65 00 02 00 00
RDX=0x0000000000000001 is an unknown value
RSP=0x00000094479fdc60 is pointing into the stack for thread: 0x000002034bcd2ad0
RBP=0x0000020349ceb058 points into unknown readable memory: 0x0000000070c6c440 | 40 c4 c6 70 00 00 00 00
RSI=0x00000203703477c8 points into unknown readable memory: 0x00000200656d616e | 6e 61 6d 65 00 02 00 00
RDI=0x000000000000009c is an unknown value
R8 =0x00000000000000e2 is an unknown value
R9 =0x000000071076d160 is an oop: org.sqlite.core.NativeDB 
{0x000000071076d160} - klass: 'org/sqlite/core/NativeDB'
R10=0x00007fff22a71160 jvm.dll
R11=0x0000000000000010 is an unknown value
R12=0x0000000000000001 is an unknown value
R13={method} {0x000002036f099e98} 'column_text_utf8' '(JI)Ljava/nio/ByteBuffer;' in 'org/sqlite/core/NativeDB'
R14=0x00000094479fde10 is pointing into the stack for thread: 0x000002034bcd2ad0
R15=0x000002034bcd2ad0 is a thread


Registers:
RAX=0x00000200656d616e, RBX=0x0000000000000001, RCX=0x00000203703477c8, RDX=0x0000000000000001
RSP=0x00000094479fdc60, RBP=0x0000020349ceb058, RSI=0x00000203703477c8, RDI=0x000000000000009c
R8 =0x00000000000000e2, R9 =0x000000071076d160, R10=0x00007fff22a71160, R11=0x0000000000000010
R12=0x0000000000000001, R13=0x000002036f099e90, R14=0x00000094479fde10, R15=0x000002034bcd2ad0
RIP=0x0000000070bd2a19, EFLAGS=0x0000000000010202

Top of Stack: (sp=0x00000094479fdc60)
0x00000094479fdc60:   000002037056cc90 0000000000000001
0x00000094479fdc70:   0000000000000000 0000000000000000
0x00000094479fdc80:   0000000000000000 00000203703477c8
0x00000094479fdc90:   00000203703477c8 0000000070be3ac6
0x00000094479fdca0:   000002034bcd3500 00007fff225ba693
0x00000094479fdcb0:   0000d9f5b3441a1a 0000001700000000
0x00000094479fdcc0:   000002034bcd2ad0 000002034bcd2de0
0x00000094479fdcd0:   000002034bcd2de0 0000000070bc2bd4
0x00000094479fdce0:   000002034bcd3410 00007fff226ba5e0
0x00000094479fdcf0:   000002034bcd3410 000002037056cc90
0x00000094479fdd00:   00000094479fdd80 000002034bcd2ad0
0x00000094479fdd10:   000002036f099e90 0000000000000148
0x00000094479fdd20:   000000000000009c 00000094479fddd8
0x00000094479fdd30:   0000000000000000 000002035343e830
0x00000094479fdd40:   000000000000009c 000002035343e558
0x00000094479fdd50:   000002036f099e90 00000094479fddd8 

Instructions: (pc=0x0000000070bd2a19)
0x0000000070bd2919:   89 ce 75 4c 48 8b 19 48 8b 4b 18 e8 f0 16 ff ff
0x0000000070bd2929:   48 8d 44 24 2c 48 89 f2 48 89 d9 c7 44 24 2c 00
0x0000000070bd2939:   00 00 00 48 89 83 e0 02 00 00 e8 a8 fe ff ff 48
0x0000000070bd2949:   89 d9 48 89 f2 e8 f4 a6 ff ff 48 8b 4b 18 48 c7
0x0000000070bd2959:   83 e0 02 00 00 00 00 00 00 e8 ce 16 ff ff eb 20
0x0000000070bd2969:   48 63 d2 45 85 c0 48 8d 04 91 8b 90 ec 00 00 00
0x0000000070bd2979:   89 54 24 2c 74 0a c7 80 ec 00 00 00 00 00 00 00
0x0000000070bd2989:   8b 44 24 2c 48 83 c4 38 5b 5e c3 55 57 56 53 48
0x0000000070bd2999:   83 ec 28 8d 42 ff 89 d7 44 89 c5 44 89 ce 83 f8
0x0000000070bd29a9:   01 77 49 48 8b 19 44 89 ca 48 89 d9 e8 ff d7 ff
0x0000000070bd29b9:   ff 44 8d 4e 01 48 89 d9 44 89 ca e8 fb 2e ff ff
0x0000000070bd29c9:   80 38 b2 75 0b 44 89 ca 48 89 d9 e8 e0 d7 ff ff
0x0000000070bd29d9:   83 ff 02 75 17 89 f2 48 89 d9 e8 dc 2e ff ff c6
0x0000000070bd29e9:   00 48 c7 40 04 01 00 00 00 89 68 08 48 83 c4 28
0x0000000070bd29f9:   5b 5e 5f 5d c3 56 53 48 83 ec 28 48 8d 05 55 5e
0x0000000070bd2a09:   0a 00 48 85 c9 48 89 ce 48 63 da 74 47 48 8b 01
0x0000000070bd2a19:   48 8b 48 18 e8 f7 15 ff ff 48 8b 86 a0 00 00 00
0x0000000070bd2a29:   48 85 c0 74 1b 0f b7 96 c0 00 00 00 39 da 7e 10
0x0000000070bd2a39:   89 da 83 ea 00 78 09 48 6b db 38 48 01 d8 eb 14
0x0000000070bd2a49:   48 8b 0e ba 19 00 00 00 e8 c8 b6 ff ff 48 8d 05
0x0000000070bd2a59:   03 5e 0a 00 48 83 c4 28 5b 5e c3 53 48 83 ec 30
0x0000000070bd2a69:   48 89 cb e8 8d ff ff ff 48 89 c1 e8 35 bf ff ff
0x0000000070bd2a79:   48 89 d9 48 89 44 24 28 e8 38 f9 ff ff 48 8b 44
0x0000000070bd2a89:   24 28 48 83 c4 30 5b c3 53 48 83 ec 30 48 89 cb
0x0000000070bd2a99:   e8 60 ff ff ff 48 89 c1 e8 08 bf ff ff 48 89 d9
0x0000000070bd2aa9:   48 89 44 24 28 e8 0b f9 ff ff 48 8b 44 24 28 48
0x0000000070bd2ab9:   83 c4 30 5b c3 53 48 83 ec 30 48 89 cb e8 33 ff
0x0000000070bd2ac9:   ff ff 8b 50 08 f6 c6 08 74 0a 80 e6 f7 80 ce 10
0x0000000070bd2ad9:   66 89 50 08 48 89 d9 48 89 44 24 28 e8 d4 f8 ff
0x0000000070bd2ae9:   ff 48 8b 44 24 28 48 83 c4 30 5b c3 56 53 48 83
0x0000000070bd2af9:   ec 28 48 89 cb e8 fb fe ff ff 8b 40 08 48 8d 15
0x0000000070bd2b09:   13 74 0a 00 48 89 d9 83 e0 3f 0f b6 34 02 e8 a2 


Stack slot to memory mapping:
stack at sp + 0 slots: 0x000002037056cc90 points into unknown readable memory: 0x0000000000000009 | 09 00 00 00 00 00 00 00
stack at sp + 1 slots: 0x0000000000000001 is an unknown value
stack at sp + 2 slots: 0x0 is NULL
stack at sp + 3 slots: 0x0 is NULL
stack at sp + 4 slots: 0x0 is NULL
stack at sp + 5 slots: 0x00000203703477c8 points into unknown readable memory: 0x00000200656d616e | 6e 61 6d 65 00 02 00 00
stack at sp + 6 slots: 0x00000203703477c8 points into unknown readable memory: 0x00000200656d616e | 6e 61 6d 65 00 02 00 00
stack at sp + 7 slots: 0x0000000070be3ac6 sqlite-3.36.0.3-3315cc9e-8460-419d-80bb-831fd8801932-sqlitejdbc.dll


---------------  P R O C E S S  ---------------

Threads class SMR info:
_java_thread_list=0x0000020370588350, length=17, elements={
0x000002034bcd2ad0, 0x000002036e86f8c0, 0x000002036e8722d0, 0x000002036e887660,
0x000002036e888060, 0x000002036e888a60, 0x000002036e88c960, 0x000002036e88d740,
0x000002036e896240, 0x000002036e8a1880, 0x000002036f4e5980, 0x000002036f56c470,
0x000002036f62b790, 0x000002036ff90b70, 0x000002036fff87c0, 0x000002036ff8eb20,
0x000002036ff8de80
}

Java Threads: ( => current thread )
=>0x000002034bcd2ad0 JavaThread "main" [_thread_in_native, id=9820, stack(0x0000009447900000,0x0000009447a00000)]
  0x000002036e86f8c0 JavaThread "Reference Handler" daemon [_thread_blocked, id=24064, stack(0x0000009448000000,0x0000009448100000)]
  0x000002036e8722d0 JavaThread "Finalizer" daemon [_thread_blocked, id=28020, stack(0x0000009448100000,0x0000009448200000)]
  0x000002036e887660 JavaThread "Signal Dispatcher" daemon [_thread_blocked, id=7468, stack(0x0000009448200000,0x0000009448300000)]
  0x000002036e888060 JavaThread "Attach Listener" daemon [_thread_blocked, id=23464, stack(0x0000009448300000,0x0000009448400000)]
  0x000002036e888a60 JavaThread "Service Thread" daemon [_thread_blocked, id=4648, stack(0x0000009448400000,0x0000009448500000)]
  0x000002036e88c960 JavaThread "Monitor Deflation Thread" daemon [_thread_blocked, id=17504, stack(0x0000009448500000,0x0000009448600000)]
  0x000002036e88d740 JavaThread "C2 CompilerThread0" daemon [_thread_blocked, id=11180, stack(0x0000009448600000,0x0000009448700000)]
  0x000002036e896240 JavaThread "C1 CompilerThread0" daemon [_thread_blocked, id=12504, stack(0x0000009448700000,0x0000009448800000)]
  0x000002036e8a1880 JavaThread "Sweeper thread" daemon [_thread_blocked, id=15880, stack(0x0000009448800000,0x0000009448900000)]
  0x000002036f4e5980 JavaThread "Common-Cleaner" daemon [_thread_blocked, id=19112, stack(0x0000009448900000,0x0000009448a00000)]
  0x000002036f56c470 JavaThread "Monitor Ctrl-Break" daemon [_thread_in_native, id=20516, stack(0x0000009448a00000,0x0000009448b00000)]
  0x000002036f62b790 JavaThread "Notification Thread" daemon [_thread_blocked, id=22048, stack(0x0000009448b00000,0x0000009448c00000)]
  0x000002036ff90b70 JavaThread "OkHttp TaskRunner" daemon [_thread_blocked, id=13368, stack(0x0000009449700000,0x0000009449800000)]
  0x000002036fff87c0 JavaThread "Okio Watchdog" daemon [_thread_blocked, id=29552, stack(0x0000009449800000,0x0000009449900000)]
  0x000002036ff8eb20 JavaThread "OkHttp TaskRunner" daemon [_thread_blocked, id=30024, stack(0x0000009449900000,0x0000009449a00000)]
  0x000002036ff8de80 JavaThread "Thread-0" [_thread_blocked, id=23532, stack(0x0000009448d00000,0x0000009448e00000)]

Other Threads:
  0x000002036e86cee0 VMThread "VM Thread" [stack: 0x0000009447f00000,0x0000009448000000] [id=19720]
  0x000002036f56c990 WatcherThread [stack: 0x0000009448c00000,0x0000009448d00000] [id=30080]
  0x000002034bd21090 GCTaskThread "GC Thread#0" [stack: 0x0000009447a00000,0x0000009447b00000] [id=9816]
  0x000002036fe52a10 GCTaskThread "GC Thread#1" [stack: 0x0000009448e00000,0x0000009448f00000] [id=24856]
  0x000002036fe52d20 GCTaskThread "GC Thread#2" [stack: 0x0000009448f00000,0x0000009449000000] [id=1492]
  0x000002036fec3500 GCTaskThread "GC Thread#3" [stack: 0x0000009449000000,0x0000009449100000] [id=17204]
  0x000002036fec3810 GCTaskThread "GC Thread#4" [stack: 0x0000009449100000,0x0000009449200000] [id=10136]
  0x000002036fe43060 GCTaskThread "GC Thread#5" [stack: 0x0000009449200000,0x0000009449300000] [id=13948]
  0x000002036feb56b0 GCTaskThread "GC Thread#6" [stack: 0x0000009449300000,0x0000009449400000] [id=17372]
  0x000002036feb59c0 GCTaskThread "GC Thread#7" [stack: 0x0000009449400000,0x0000009449500000] [id=26716]
  0x000002034bd31f30 ConcurrentGCThread "G1 Main Marker" [stack: 0x0000009447b00000,0x0000009447c00000] [id=1020]
  0x000002034bd338b0 ConcurrentGCThread "G1 Conc#0" [stack: 0x0000009447c00000,0x0000009447d00000] [id=28288]
  0x000002034bd8aa20 ConcurrentGCThread "G1 Refine#0" [stack: 0x0000009447d00000,0x0000009447e00000] [id=27024]
  0x000002036e7338d0 ConcurrentGCThread "G1 Service" [stack: 0x0000009447e00000,0x0000009447f00000] [id=14932]

Threads with active compile tasks:

VM state: not at safepoint (normal execution)

VM Mutex/Monitor currently owned by a thread: None

Heap address: 0x0000000702000000, size: 4064 MB, Compressed Oops mode: Zero based, Oop shift amount: 3

CDS archive(s) mapped at: [0x0000000800000000-0x0000000800bb0000-0x0000000800bb0000), size 12255232, SharedBaseAddress: 0x0000000800000000, ArchiveRelocationMode: 0.
Compressed class space mapped at: 0x0000000800c00000-0x0000000840c00000, reserved size: 1073741824
Narrow klass base: 0x0000000800000000, Narrow klass shift: 3, Narrow klass range: 0x100000000

GC Precious Log:
 CPUs: 8 total, 8 available
 Memory: 16251M
 Large Page Support: Disabled
 NUMA Support: Disabled
 Compressed Oops: Enabled (Zero based)
 Heap Region Size: 2M
 Heap Min Capacity: 8M
 Heap Initial Capacity: 254M
 Heap Max Capacity: 4064M
 Pre-touch: Disabled
 Parallel Workers: 8
 Concurrent Workers: 2
 Concurrent Refinement Workers: 8
 Periodic GC: Disabled

Heap:
 garbage-first heap   total 260096K, used 18520K [0x0000000702000000, 0x0000000800000000)
  region size 2048K, 10 young (20480K), 2 survivors (4096K)
 Metaspace       used 13143K, committed 13312K, reserved 1064960K
  class space    used 1237K, committed 1280K, reserved 1048576K

Heap Regions: E=young(eden), S=young(survivor), O=old, HS=humongous(starts), HC=humongous(continues), CS=collection set, F=free, OA=open archive, CA=closed archive, TAMS=top-at-mark-start (previous, next)
|   0|0x0000000702000000, 0x0000000702016200, 0x0000000702200000|  4%| O|  |TAMS 0x0000000702000000, 0x0000000702000000| Untracked 
|   1|0x0000000702200000, 0x0000000702200000, 0x0000000702400000|  0%| F|  |TAMS 0x0000000702200000, 0x0000000702200000| Untracked 
|   2|0x0000000702400000, 0x0000000702400000, 0x0000000702600000|  0%| F|  |TAMS 0x0000000702400000, 0x0000000702400000| Untracked 
|   3|0x0000000702600000, 0x0000000702600000, 0x0000000702800000|  0%| F|  |TAMS 0x0000000702600000, 0x0000000702600000| Untracked 
|   4|0x0000000702800000, 0x0000000702800000, 0x0000000702a00000|  0%| F|  |TAMS 0x0000000702800000, 0x0000000702800000| Untracked 
|   5|0x0000000702a00000, 0x0000000702a00000, 0x0000000702c00000|  0%| F|  |TAMS 0x0000000702a00000, 0x0000000702a00000| Untracked 
|   6|0x0000000702c00000, 0x0000000702c00000, 0x0000000702e00000|  0%| F|  |TAMS 0x0000000702c00000, 0x0000000702c00000| Untracked 
|   7|0x0000000702e00000, 0x0000000702e00000, 0x0000000703000000|  0%| F|  |TAMS 0x0000000702e00000, 0x0000000702e00000| Untracked 
|   8|0x0000000703000000, 0x0000000703000000, 0x0000000703200000|  0%| F|  |TAMS 0x0000000703000000, 0x0000000703000000| Untracked 
|   9|0x0000000703200000, 0x0000000703200000, 0x0000000703400000|  0%| F|  |TAMS 0x0000000703200000, 0x0000000703200000| Untracked 
|  10|0x0000000703400000, 0x0000000703400000, 0x0000000703600000|  0%| F|  |TAMS 0x0000000703400000, 0x0000000703400000| Untracked 
|  11|0x0000000703600000, 0x0000000703600000, 0x0000000703800000|  0%| F|  |TAMS 0x0000000703600000, 0x0000000703600000| Untracked 
|  12|0x0000000703800000, 0x0000000703800000, 0x0000000703a00000|  0%| F|  |TAMS 0x0000000703800000, 0x0000000703800000| Untracked 
|  13|0x0000000703a00000, 0x0000000703a00000, 0x0000000703c00000|  0%| F|  |TAMS 0x0000000703a00000, 0x0000000703a00000| Untracked 
|  14|0x0000000703c00000, 0x0000000703c00000, 0x0000000703e00000|  0%| F|  |TAMS 0x0000000703c00000, 0x0000000703c00000| Untracked 
|  15|0x0000000703e00000, 0x0000000703e00000, 0x0000000704000000|  0%| F|  |TAMS 0x0000000703e00000, 0x0000000703e00000| Untracked 
|  16|0x0000000704000000, 0x0000000704000000, 0x0000000704200000|  0%| F|  |TAMS 0x0000000704000000, 0x0000000704000000| Untracked 
|  17|0x0000000704200000, 0x0000000704200000, 0x0000000704400000|  0%| F|  |TAMS 0x0000000704200000, 0x0000000704200000| Untracked 
|  18|0x0000000704400000, 0x0000000704400000, 0x0000000704600000|  0%| F|  |TAMS 0x0000000704400000, 0x0000000704400000| Untracked 
|  19|0x0000000704600000, 0x0000000704600000, 0x0000000704800000|  0%| F|  |TAMS 0x0000000704600000, 0x0000000704600000| Untracked 
|  20|0x0000000704800000, 0x0000000704800000, 0x0000000704a00000|  0%| F|  |TAMS 0x0000000704800000, 0x0000000704800000| Untracked 
|  21|0x0000000704a00000, 0x0000000704a00000, 0x0000000704c00000|  0%| F|  |TAMS 0x0000000704a00000, 0x0000000704a00000| Untracked 
|  22|0x0000000704c00000, 0x0000000704c00000, 0x0000000704e00000|  0%| F|  |TAMS 0x0000000704c00000, 0x0000000704c00000| Untracked 
|  23|0x0000000704e00000, 0x0000000704e00000, 0x0000000705000000|  0%| F|  |TAMS 0x0000000704e00000, 0x0000000704e00000| Untracked 
|  24|0x0000000705000000, 0x0000000705000000, 0x0000000705200000|  0%| F|  |TAMS 0x0000000705000000, 0x0000000705000000| Untracked 
|  25|0x0000000705200000, 0x0000000705200000, 0x0000000705400000|  0%| F|  |TAMS 0x0000000705200000, 0x0000000705200000| Untracked 
|  26|0x0000000705400000, 0x0000000705400000, 0x0000000705600000|  0%| F|  |TAMS 0x0000000705400000, 0x0000000705400000| Untracked 
|  27|0x0000000705600000, 0x0000000705600000, 0x0000000705800000|  0%| F|  |TAMS 0x0000000705600000, 0x0000000705600000| Untracked 
|  28|0x0000000705800000, 0x0000000705800000, 0x0000000705a00000|  0%| F|  |TAMS 0x0000000705800000, 0x0000000705800000| Untracked 
|  29|0x0000000705a00000, 0x0000000705a00000, 0x0000000705c00000|  0%| F|  |TAMS 0x0000000705a00000, 0x0000000705a00000| Untracked 
|  30|0x0000000705c00000, 0x0000000705c00000, 0x0000000705e00000|  0%| F|  |TAMS 0x0000000705c00000, 0x0000000705c00000| Untracked 
|  31|0x0000000705e00000, 0x0000000705e00000, 0x0000000706000000|  0%| F|  |TAMS 0x0000000705e00000, 0x0000000705e00000| Untracked 
|  32|0x0000000706000000, 0x0000000706000000, 0x0000000706200000|  0%| F|  |TAMS 0x0000000706000000, 0x0000000706000000| Untracked 
|  33|0x0000000706200000, 0x0000000706200000, 0x0000000706400000|  0%| F|  |TAMS 0x0000000706200000, 0x0000000706200000| Untracked 
|  34|0x0000000706400000, 0x0000000706400000, 0x0000000706600000|  0%| F|  |TAMS 0x0000000706400000, 0x0000000706400000| Untracked 
|  35|0x0000000706600000, 0x0000000706600000, 0x0000000706800000|  0%| F|  |TAMS 0x0000000706600000, 0x0000000706600000| Untracked 
|  36|0x0000000706800000, 0x0000000706800000, 0x0000000706a00000|  0%| F|  |TAMS 0x0000000706800000, 0x0000000706800000| Untracked 
|  37|0x0000000706a00000, 0x0000000706a00000, 0x0000000706c00000|  0%| F|  |TAMS 0x0000000706a00000, 0x0000000706a00000| Untracked 
|  38|0x0000000706c00000, 0x0000000706c00000, 0x0000000706e00000|  0%| F|  |TAMS 0x0000000706c00000, 0x0000000706c00000| Untracked 
|  39|0x0000000706e00000, 0x0000000706e00000, 0x0000000707000000|  0%| F|  |TAMS 0x0000000706e00000, 0x0000000706e00000| Untracked 
|  40|0x0000000707000000, 0x0000000707000000, 0x0000000707200000|  0%| F|  |TAMS 0x0000000707000000, 0x0000000707000000| Untracked 
|  41|0x0000000707200000, 0x0000000707200000, 0x0000000707400000|  0%| F|  |TAMS 0x0000000707200000, 0x0000000707200000| Untracked 
|  42|0x0000000707400000, 0x0000000707400000, 0x0000000707600000|  0%| F|  |TAMS 0x0000000707400000, 0x0000000707400000| Untracked 
|  43|0x0000000707600000, 0x0000000707600000, 0x0000000707800000|  0%| F|  |TAMS 0x0000000707600000, 0x0000000707600000| Untracked 
|  44|0x0000000707800000, 0x0000000707800000, 0x0000000707a00000|  0%| F|  |TAMS 0x0000000707800000, 0x0000000707800000| Untracked 
|  45|0x0000000707a00000, 0x0000000707a00000, 0x0000000707c00000|  0%| F|  |TAMS 0x0000000707a00000, 0x0000000707a00000| Untracked 
|  46|0x0000000707c00000, 0x0000000707c00000, 0x0000000707e00000|  0%| F|  |TAMS 0x0000000707c00000, 0x0000000707c00000| Untracked 
|  47|0x0000000707e00000, 0x0000000707e00000, 0x0000000708000000|  0%| F|  |TAMS 0x0000000707e00000, 0x0000000707e00000| Untracked 
|  48|0x0000000708000000, 0x0000000708000000, 0x0000000708200000|  0%| F|  |TAMS 0x0000000708000000, 0x0000000708000000| Untracked 
|  49|0x0000000708200000, 0x0000000708200000, 0x0000000708400000|  0%| F|  |TAMS 0x0000000708200000, 0x0000000708200000| Untracked 
|  50|0x0000000708400000, 0x0000000708400000, 0x0000000708600000|  0%| F|  |TAMS 0x0000000708400000, 0x0000000708400000| Untracked 
|  51|0x0000000708600000, 0x0000000708600000, 0x0000000708800000|  0%| F|  |TAMS 0x0000000708600000, 0x0000000708600000| Untracked 
|  52|0x0000000708800000, 0x0000000708800000, 0x0000000708a00000|  0%| F|  |TAMS 0x0000000708800000, 0x0000000708800000| Untracked 
|  53|0x0000000708a00000, 0x0000000708a00000, 0x0000000708c00000|  0%| F|  |TAMS 0x0000000708a00000, 0x0000000708a00000| Untracked 
|  54|0x0000000708c00000, 0x0000000708c00000, 0x0000000708e00000|  0%| F|  |TAMS 0x0000000708c00000, 0x0000000708c00000| Untracked 
|  55|0x0000000708e00000, 0x0000000708e00000, 0x0000000709000000|  0%| F|  |TAMS 0x0000000708e00000, 0x0000000708e00000| Untracked 
|  56|0x0000000709000000, 0x0000000709000000, 0x0000000709200000|  0%| F|  |TAMS 0x0000000709000000, 0x0000000709000000| Untracked 
|  57|0x0000000709200000, 0x0000000709200000, 0x0000000709400000|  0%| F|  |TAMS 0x0000000709200000, 0x0000000709200000| Untracked 
|  58|0x0000000709400000, 0x0000000709400000, 0x0000000709600000|  0%| F|  |TAMS 0x0000000709400000, 0x0000000709400000| Untracked 
|  59|0x0000000709600000, 0x0000000709600000, 0x0000000709800000|  0%| F|  |TAMS 0x0000000709600000, 0x0000000709600000| Untracked 
|  60|0x0000000709800000, 0x0000000709800000, 0x0000000709a00000|  0%| F|  |TAMS 0x0000000709800000, 0x0000000709800000| Untracked 
|  61|0x0000000709a00000, 0x0000000709a00000, 0x0000000709c00000|  0%| F|  |TAMS 0x0000000709a00000, 0x0000000709a00000| Untracked 
|  62|0x0000000709c00000, 0x0000000709c00000, 0x0000000709e00000|  0%| F|  |TAMS 0x0000000709c00000, 0x0000000709c00000| Untracked 
|  63|0x0000000709e00000, 0x0000000709e00000, 0x000000070a000000|  0%| F|  |TAMS 0x0000000709e00000, 0x0000000709e00000| Untracked 
|  64|0x000000070a000000, 0x000000070a000000, 0x000000070a200000|  0%| F|  |TAMS 0x000000070a000000, 0x000000070a000000| Untracked 
|  65|0x000000070a200000, 0x000000070a200000, 0x000000070a400000|  0%| F|  |TAMS 0x000000070a200000, 0x000000070a200000| Untracked 
|  66|0x000000070a400000, 0x000000070a400000, 0x000000070a600000|  0%| F|  |TAMS 0x000000070a400000, 0x000000070a400000| Untracked 
|  67|0x000000070a600000, 0x000000070a600000, 0x000000070a800000|  0%| F|  |TAMS 0x000000070a600000, 0x000000070a600000| Untracked 
|  68|0x000000070a800000, 0x000000070a800000, 0x000000070aa00000|  0%| F|  |TAMS 0x000000070a800000, 0x000000070a800000| Untracked 
|  69|0x000000070aa00000, 0x000000070aa00000, 0x000000070ac00000|  0%| F|  |TAMS 0x000000070aa00000, 0x000000070aa00000| Untracked 
|  70|0x000000070ac00000, 0x000000070ac00000, 0x000000070ae00000|  0%| F|  |TAMS 0x000000070ac00000, 0x000000070ac00000| Untracked 
|  71|0x000000070ae00000, 0x000000070ae00000, 0x000000070b000000|  0%| F|  |TAMS 0x000000070ae00000, 0x000000070ae00000| Untracked 
|  72|0x000000070b000000, 0x000000070b000000, 0x000000070b200000|  0%| F|  |TAMS 0x000000070b000000, 0x000000070b000000| Untracked 
|  73|0x000000070b200000, 0x000000070b200000, 0x000000070b400000|  0%| F|  |TAMS 0x000000070b200000, 0x000000070b200000| Untracked 
|  74|0x000000070b400000, 0x000000070b400000, 0x000000070b600000|  0%| F|  |TAMS 0x000000070b400000, 0x000000070b400000| Untracked 
|  75|0x000000070b600000, 0x000000070b600000, 0x000000070b800000|  0%| F|  |TAMS 0x000000070b600000, 0x000000070b600000| Untracked 
|  76|0x000000070b800000, 0x000000070b800000, 0x000000070ba00000|  0%| F|  |TAMS 0x000000070b800000, 0x000000070b800000| Untracked 
|  77|0x000000070ba00000, 0x000000070ba00000, 0x000000070bc00000|  0%| F|  |TAMS 0x000000070ba00000, 0x000000070ba00000| Untracked 
|  78|0x000000070bc00000, 0x000000070bc00000, 0x000000070be00000|  0%| F|  |TAMS 0x000000070bc00000, 0x000000070bc00000| Untracked 
|  79|0x000000070be00000, 0x000000070be00000, 0x000000070c000000|  0%| F|  |TAMS 0x000000070be00000, 0x000000070be00000| Untracked 
|  80|0x000000070c000000, 0x000000070c000000, 0x000000070c200000|  0%| F|  |TAMS 0x000000070c000000, 0x000000070c000000| Untracked 
|  81|0x000000070c200000, 0x000000070c200000, 0x000000070c400000|  0%| F|  |TAMS 0x000000070c200000, 0x000000070c200000| Untracked 
|  82|0x000000070c400000, 0x000000070c400000, 0x000000070c600000|  0%| F|  |TAMS 0x000000070c400000, 0x000000070c400000| Untracked 
|  83|0x000000070c600000, 0x000000070c600000, 0x000000070c800000|  0%| F|  |TAMS 0x000000070c600000, 0x000000070c600000| Untracked 
|  84|0x000000070c800000, 0x000000070c800000, 0x000000070ca00000|  0%| F|  |TAMS 0x000000070c800000, 0x000000070c800000| Untracked 
|  85|0x000000070ca00000, 0x000000070ca00000, 0x000000070cc00000|  0%| F|  |TAMS 0x000000070ca00000, 0x000000070ca00000| Untracked 
|  86|0x000000070cc00000, 0x000000070cc00000, 0x000000070ce00000|  0%| F|  |TAMS 0x000000070cc00000, 0x000000070cc00000| Untracked 
|  87|0x000000070ce00000, 0x000000070ce00000, 0x000000070d000000|  0%| F|  |TAMS 0x000000070ce00000, 0x000000070ce00000| Untracked 
|  88|0x000000070d000000, 0x000000070d000000, 0x000000070d200000|  0%| F|  |TAMS 0x000000070d000000, 0x000000070d000000| Untracked 
|  89|0x000000070d200000, 0x000000070d200000, 0x000000070d400000|  0%| F|  |TAMS 0x000000070d200000, 0x000000070d200000| Untracked 
|  90|0x000000070d400000, 0x000000070d400000, 0x000000070d600000|  0%| F|  |TAMS 0x000000070d400000, 0x000000070d400000| Untracked 
|  91|0x000000070d600000, 0x000000070d600000, 0x000000070d800000|  0%| F|  |TAMS 0x000000070d600000, 0x000000070d600000| Untracked 
|  92|0x000000070d800000, 0x000000070d800000, 0x000000070da00000|  0%| F|  |TAMS 0x000000070d800000, 0x000000070d800000| Untracked 
|  93|0x000000070da00000, 0x000000070da00000, 0x000000070dc00000|  0%| F|  |TAMS 0x000000070da00000, 0x000000070da00000| Untracked 
|  94|0x000000070dc00000, 0x000000070dc00000, 0x000000070de00000|  0%| F|  |TAMS 0x000000070dc00000, 0x000000070dc00000| Untracked 
|  95|0x000000070de00000, 0x000000070de00000, 0x000000070e000000|  0%| F|  |TAMS 0x000000070de00000, 0x000000070de00000| Untracked 
|  96|0x000000070e000000, 0x000000070e000000, 0x000000070e200000|  0%| F|  |TAMS 0x000000070e000000, 0x000000070e000000| Untracked 
|  97|0x000000070e200000, 0x000000070e200000, 0x000000070e400000|  0%| F|  |TAMS 0x000000070e200000, 0x000000070e200000| Untracked 
|  98|0x000000070e400000, 0x000000070e400000, 0x000000070e600000|  0%| F|  |TAMS 0x000000070e400000, 0x000000070e400000| Untracked 
|  99|0x000000070e600000, 0x000000070e600000, 0x000000070e800000|  0%| F|  |TAMS 0x000000070e600000, 0x000000070e600000| Untracked 
| 100|0x000000070e800000, 0x000000070e800000, 0x000000070ea00000|  0%| F|  |TAMS 0x000000070e800000, 0x000000070e800000| Untracked 
| 101|0x000000070ea00000, 0x000000070ea00000, 0x000000070ec00000|  0%| F|  |TAMS 0x000000070ea00000, 0x000000070ea00000| Untracked 
| 102|0x000000070ec00000, 0x000000070ec00000, 0x000000070ee00000|  0%| F|  |TAMS 0x000000070ec00000, 0x000000070ec00000| Untracked 
| 103|0x000000070ee00000, 0x000000070ee00000, 0x000000070f000000|  0%| F|  |TAMS 0x000000070ee00000, 0x000000070ee00000| Untracked 
| 104|0x000000070f000000, 0x000000070f000000, 0x000000070f200000|  0%| F|  |TAMS 0x000000070f000000, 0x000000070f000000| Untracked 
| 105|0x000000070f200000, 0x000000070f200000, 0x000000070f400000|  0%| F|  |TAMS 0x000000070f200000, 0x000000070f200000| Untracked 
| 106|0x000000070f400000, 0x000000070f400000, 0x000000070f600000|  0%| F|  |TAMS 0x000000070f400000, 0x000000070f400000| Untracked 
| 107|0x000000070f600000, 0x000000070f600000, 0x000000070f800000|  0%| F|  |TAMS 0x000000070f600000, 0x000000070f600000| Untracked 
| 108|0x000000070f800000, 0x000000070f800000, 0x000000070fa00000|  0%| F|  |TAMS 0x000000070f800000, 0x000000070f800000| Untracked 
| 109|0x000000070fa00000, 0x000000070fa00000, 0x000000070fc00000|  0%| F|  |TAMS 0x000000070fa00000, 0x000000070fa00000| Untracked 
| 110|0x000000070fc00000, 0x000000070fc00000, 0x000000070fe00000|  0%| F|  |TAMS 0x000000070fc00000, 0x000000070fc00000| Untracked 
| 111|0x000000070fe00000, 0x000000070fe00000, 0x0000000710000000|  0%| F|  |TAMS 0x000000070fe00000, 0x000000070fe00000| Untracked 
| 112|0x0000000710000000, 0x0000000710000000, 0x0000000710200000|  0%| F|  |TAMS 0x0000000710000000, 0x0000000710000000| Untracked 
| 113|0x0000000710200000, 0x0000000710200000, 0x0000000710400000|  0%| F|  |TAMS 0x0000000710200000, 0x0000000710200000| Untracked 
| 114|0x0000000710400000, 0x0000000710600000, 0x0000000710600000|100%| S|CS|TAMS 0x0000000710400000, 0x0000000710400000| Complete 
| 115|0x0000000710600000, 0x0000000710800000, 0x0000000710800000|100%| S|CS|TAMS 0x0000000710600000, 0x0000000710600000| Complete 
| 116|0x0000000710800000, 0x0000000710800000, 0x0000000710a00000|  0%| F|  |TAMS 0x0000000710800000, 0x0000000710800000| Untracked 
| 117|0x0000000710a00000, 0x0000000710a00000, 0x0000000710c00000|  0%| F|  |TAMS 0x0000000710a00000, 0x0000000710a00000| Untracked 
| 118|0x0000000710c00000, 0x0000000710c00000, 0x0000000710e00000|  0%| F|  |TAMS 0x0000000710c00000, 0x0000000710c00000| Untracked 
| 119|0x0000000710e00000, 0x0000000710fd1200, 0x0000000711000000| 90%| E|  |TAMS 0x0000000710e00000, 0x0000000710e00000| Complete 
| 120|0x0000000711000000, 0x0000000711200000, 0x0000000711200000|100%| E|CS|TAMS 0x0000000711000000, 0x0000000711000000| Complete 
| 121|0x0000000711200000, 0x0000000711400000, 0x0000000711400000|100%| E|CS|TAMS 0x0000000711200000, 0x0000000711200000| Complete 
| 122|0x0000000711400000, 0x0000000711600000, 0x0000000711600000|100%| E|CS|TAMS 0x0000000711400000, 0x0000000711400000| Complete 
| 123|0x0000000711600000, 0x0000000711800000, 0x0000000711800000|100%| E|CS|TAMS 0x0000000711600000, 0x0000000711600000| Complete 
| 124|0x0000000711800000, 0x0000000711a00000, 0x0000000711a00000|100%| E|CS|TAMS 0x0000000711800000, 0x0000000711800000| Complete 
| 125|0x0000000711a00000, 0x0000000711c00000, 0x0000000711c00000|100%| E|CS|TAMS 0x0000000711a00000, 0x0000000711a00000| Complete 
| 126|0x0000000711c00000, 0x0000000711e00000, 0x0000000711e00000|100%| E|CS|TAMS 0x0000000711c00000, 0x0000000711c00000| Complete 

Card table byte_map: [0x0000020362f50000,0x0000020363740000] _byte_map_base: 0x000002035f740000

Marking Bits (Prev, Next): (CMBitMap*) 0x000002034bd21600, (CMBitMap*) 0x000002034bd21640
 Prev Bits: [0x0000020363f30000, 0x0000020367eb0000)
 Next Bits: [0x0000020367eb0000, 0x000002036be30000)

Polling page: 0x000002034b4a0000

Metaspace:

Usage:
  Non-class:     11.63 MB used.
      Class:      1.21 MB used.
       Both:     12.84 MB used.

Virtual space:
  Non-class space:       16.00 MB reserved,      11.75 MB ( 73%) committed,  2 nodes.
      Class space:        1.00 GB reserved,       1.25 MB ( <1%) committed,  1 nodes.
              Both:        1.02 GB reserved,      13.00 MB (  1%) committed. 

Chunk freelists:
   Non-Class:  3.98 MB
       Class:  2.69 MB
        Both:  6.68 MB

MaxMetaspaceSize: 17179869184.00 GB
CompressedClassSpaceSize: 1.00 GB
 - commit_granule_bytes: 65536.
 - commit_granule_words: 8192.
 - virtual_space_node_default_size: 1048576.
 - enlarge_chunks_in_place: 1.
 - new_chunks_are_fully_committed: 0.
 - uncommit_free_chunks: 1.
 - use_allocation_guard: 0.
 - handle_deallocations: 1.


Internal statistics:

num_allocs_failed_limit: 0.
num_arena_births: 80.
num_arena_deaths: 0.
num_vsnodes_births: 3.
num_vsnodes_deaths: 0.
num_space_committed: 208.
num_space_uncommitted: 0.
num_chunks_returned_to_freelist: 0.
num_chunks_taken_from_freelist: 317.
num_chunk_merges: 0.
num_chunk_splits: 211.
num_chunks_enlarged: 142.
num_purges: 0.

CodeHeap 'non-profiled nmethods': size=120000Kb used=681Kb max_used=681Kb free=119318Kb
 bounds [0x000002035af00000, 0x000002035b170000, 0x0000020362430000]
CodeHeap 'profiled nmethods': size=120000Kb used=3531Kb max_used=3531Kb free=116468Kb
 bounds [0x00000203539d0000, 0x0000020353d50000, 0x000002035af00000]
CodeHeap 'non-nmethods': size=5760Kb used=1245Kb max_used=1266Kb free=4514Kb
 bounds [0x0000020353430000, 0x00000203536a0000, 0x00000203539d0000]
 total_blobs=2426 nmethods=1886 adapters=452
 compilation: enabled
              stopped_count=0, restarted_count=0
 full_count=0

Compilation events (20 events):
Event: 2.002 Thread 0x000002036e896240 1874       3       java.io.FileOutputStream::write (20 bytes)
Event: 2.002 Thread 0x000002036e896240 nmethod 1874 0x0000020353d3d610 code [0x0000020353d3d7c0, 0x0000020353d3d988]
Event: 2.009 Thread 0x000002036e896240 1876       3       org.sqlite.jdbc4.JDBC4Connection::isClosed (5 bytes)
Event: 2.010 Thread 0x000002036e896240 nmethod 1876 0x0000020353d3da90 code [0x0000020353d3dc40, 0x0000020353d3df78]
Event: 2.010 Thread 0x000002036e896240 1877       3       org.sqlite.SQLiteConnection::isClosed (8 bytes)
Event: 2.010 Thread 0x000002036e896240 nmethod 1877 0x0000020353d3e110 code [0x0000020353d3e2c0, 0x0000020353d3e598]
Event: 2.010 Thread 0x000002036e896240 1878       3       org.sqlite.core.DB::isClosed (8 bytes)
Event: 2.010 Thread 0x000002036e896240 nmethod 1878 0x0000020353d3e690 code [0x0000020353d3e840, 0x0000020353d3ea18]
Event: 2.052 Thread 0x000002036e88d740 1879       4       java.util.HashMap::getNode (150 bytes)
Event: 2.056 Thread 0x000002036e88d740 nmethod 1879 0x000002035afa9690 code [0x000002035afa9840, 0x000002035afa9e58]
Event: 2.076 Thread 0x000002036e896240 1880       3       java.nio.Buffer::flip (20 bytes)
Event: 2.076 Thread 0x000002036e896240 nmethod 1880 0x0000020353d3eb10 code [0x0000020353d3eca0, 0x0000020353d3edb8]
Event: 2.083 Thread 0x000002036e896240 1881       3       java.nio.Buffer::clear (20 bytes)
Event: 2.083 Thread 0x000002036e896240 nmethod 1881 0x0000020353d3ee90 code [0x0000020353d3f020, 0x0000020353d3f138]
Event: 2.107 Thread 0x000002036e896240 1882       1       ru.etysoft.cuteframework.models.ChatSnippet::getId (5 bytes)
Event: 2.107 Thread 0x000002036e896240 nmethod 1882 0x000002035afaa210 code [0x000002035afaa3a0, 0x000002035afaa478]
Event: 2.128 Thread 0x000002036e896240 1883       3       java.lang.String::getBytes (25 bytes)
Event: 2.128 Thread 0x000002036e896240 nmethod 1883 0x0000020353d3f210 code [0x0000020353d3f3e0, 0x0000020353d3f6b8]
Event: 2.128 Thread 0x000002036e896240 1884   !   3       java.lang.StringCoding::encode (324 bytes)
Event: 2.129 Thread 0x000002036e896240 nmethod 1884 0x0000020353d3f810 code [0x0000020353d3fc60, 0x0000020353d41db8]

GC Heap History (2 events):
Event: 0.790 GC heap before
{Heap before GC invocations=0 (full 0):
 garbage-first heap   total 260096K, used 20480K [0x0000000702000000, 0x0000000800000000)
  region size 2048K, 11 young (22528K), 0 survivors (0K)
 Metaspace       used 8312K, committed 8448K, reserved 1056768K
  class space    used 731K, committed 768K, reserved 1048576K
}
Event: 0.794 GC heap after
{Heap after GC invocations=1 (full 0):
 garbage-first heap   total 260096K, used 4184K [0x0000000702000000, 0x0000000800000000)
  region size 2048K, 2 young (4096K), 2 survivors (4096K)
 Metaspace       used 8312K, committed 8448K, reserved 1056768K
  class space    used 731K, committed 768K, reserved 1048576K
}

Deoptimization events (20 events):
Event: 1.211 Thread 0x000002034bcd2ad0 DEOPT PACKING pc=0x000002035af45064 sp=0x00000094479fca10
Event: 1.211 Thread 0x000002034bcd2ad0 DEOPT UNPACKING pc=0x000002035347d72e sp=0x00000094479fc988 mode 2
Event: 1.262 Thread 0x000002034bcd2ad0 Uncommon trap: trap_request=0xffffff45 fr.pc=0x000002035af2c4c4 relative=0x00000000000003a4
Event: 1.262 Thread 0x000002034bcd2ad0 Uncommon trap: reason=unstable_if action=reinterpret pc=0x000002035af2c4c4 method=java.lang.StringLatin1.canEncode(I)Z @ 4 c2
Event: 1.262 Thread 0x000002034bcd2ad0 DEOPT PACKING pc=0x000002035af2c4c4 sp=0x00000094479fd9a0
Event: 1.262 Thread 0x000002034bcd2ad0 DEOPT UNPACKING pc=0x000002035347d72e sp=0x00000094479fd8c8 mode 2
Event: 1.356 Thread 0x000002034bcd2ad0 Uncommon trap: trap_request=0xffffff45 fr.pc=0x000002035af34968 relative=0x0000000000000428
Event: 1.356 Thread 0x000002034bcd2ad0 Uncommon trap: reason=unstable_if action=reinterpret pc=0x000002035af34968 method=java.lang.String.substring(II)Ljava/lang/String; @ 31 c2
Event: 1.356 Thread 0x000002034bcd2ad0 DEOPT PACKING pc=0x000002035af34968 sp=0x00000094479fdcd0
Event: 1.356 Thread 0x000002034bcd2ad0 DEOPT UNPACKING pc=0x000002035347d72e sp=0x00000094479fdca0 mode 2
Event: 1.623 Thread 0x000002034bcd2ad0 DEOPT PACKING pc=0x0000020353c7613e sp=0x00000094479fc940
Event: 1.623 Thread 0x000002034bcd2ad0 DEOPT UNPACKING pc=0x000002035347dece sp=0x00000094479fbdc0 mode 0
Event: 1.725 Thread 0x000002034bcd2ad0 DEOPT PACKING pc=0x0000020353c7613e sp=0x00000094479fc990
Event: 1.725 Thread 0x000002034bcd2ad0 DEOPT UNPACKING pc=0x000002035347dece sp=0x00000094479fbe10 mode 0
Event: 1.726 Thread 0x000002034bcd2ad0 DEOPT PACKING pc=0x0000020353c88ade sp=0x00000094479fcae0
Event: 1.726 Thread 0x000002034bcd2ad0 DEOPT UNPACKING pc=0x000002035347dece sp=0x00000094479fbf68 mode 0
Event: 1.728 Thread 0x000002034bcd2ad0 DEOPT PACKING pc=0x0000020353c88ade sp=0x00000094479fc800
Event: 1.728 Thread 0x000002034bcd2ad0 DEOPT UNPACKING pc=0x000002035347dece sp=0x00000094479fbc88 mode 0
Event: 1.746 Thread 0x000002034bcd2ad0 DEOPT PACKING pc=0x0000020353c132f0 sp=0x00000094479fda90
Event: 1.746 Thread 0x000002034bcd2ad0 DEOPT UNPACKING pc=0x000002035347dece sp=0x00000094479fcef0 mode 0

Classes unloaded (0 events):
No events

Classes redefined (0 events):
No events

Internal exceptions (17 events):
Event: 0.106 Thread 0x000002036f56c470 Exception <a 'java/lang/NoSuchMethodError'{0x0000000711a7a450}: 'java.lang.Object java.lang.invoke.DirectMethodHandle$Holder.invokeStatic(java.lang.Object)'> (0x0000000711a7a450) 
thrown [t:\workspace\open\src\hotspot\share\interpreter\linkResolver.cpp, line 790]
Event: 0.106 Thread 0x000002036f56c470 Exception <a 'java/lang/NoSuchMethodError'{0x0000000711a7dd60}: 'java.lang.Object java.lang.invoke.DirectMethodHandle$Holder.invokeStaticInit(java.lang.Object)'> (0x0000000711a7dd60) 
thrown [t:\workspace\open\src\hotspot\share\interpreter\linkResolver.cpp, line 790]
Event: 0.114 Thread 0x000002036f56c470 Exception <a 'java/lang/NoSuchMethodError'{0x0000000711a8baa0}: 'void java.lang.invoke.DirectMethodHandle$Holder.invokeStatic(java.lang.Object, java.lang.Object)'> (0x0000000711a8baa0) 
thrown [t:\workspace\open\src\hotspot\share\interpreter\linkResolver.cpp, line 790]
Event: 0.125 Thread 0x000002034bcd2ad0 Exception <a 'java/io/FileNotFoundException'{0x0000000711b182f0}> (0x0000000711b182f0) 
thrown [t:\workspace\open\src\hotspot\share\prims\jni.cpp, line 579]
Event: 0.185 Thread 0x000002034bcd2ad0 Exception <a 'java/lang/NoSuchMethodError'{0x0000000711852268}: 'java.lang.Object java.lang.invoke.DirectMethodHandle$Holder.invokeInterface(java.lang.Object, java.lang.Object)'> (0x0000000711852268) 
thrown [t:\workspace\open\src\hotspot\share\interpreter\linkResolver.cpp, line 790]
Event: 0.186 Thread 0x000002034bcd2ad0 Exception <a 'java/lang/IncompatibleClassChangeError'{0x0000000711855c60}: Found class java.lang.Object, but interface was expected> (0x0000000711855c60) 
thrown [t:\workspace\open\src\hotspot\share\interpreter\linkResolver.cpp, line 857]
Event: 0.200 Thread 0x000002034bcd2ad0 Exception <a 'java/lang/NoSuchMethodError'{0x00000007118aca88}: 'java.lang.Object java.lang.invoke.DirectMethodHandle$Holder.newInvokeSpecial(java.lang.Object, java.lang.Object, java.lang.Object, java.lang.Object, java.lang.Object)'> (0x00000007118aca88) 
thrown [t:\workspace\open\src\hotspot\share\interpreter\linkResolver.cpp, line 790]
Event: 0.285 Thread 0x000002034bcd2ad0 Exception <a 'java/lang/NoSuchMethodError'{0x000000071165dfa0}: 'void java.lang.invoke.DirectMethodHandle$Holder.invokeSpecial(java.lang.Object, java.lang.Object, java.lang.Object)'> (0x000000071165dfa0) 
thrown [t:\workspace\open\src\hotspot\share\interpreter\linkResolver.cpp, line 790]
Event: 0.380 Thread 0x000002034bcd2ad0 Exception <a 'java/lang/NoSuchMethodError'{0x00000007114bbc38}: 'java.lang.Object java.lang.invoke.DirectMethodHandle$Holder.invokeStaticInit(java.lang.Object, int, int, int, int)'> (0x00000007114bbc38) 
thrown [t:\workspace\open\src\hotspot\share\interpreter\linkResolver.cpp, line 790]
Event: 0.440 Thread 0x000002034bcd2ad0 Exception <a 'java/lang/NoSuchMethodError'{0x00000007114f6d58}: 'java.lang.Object java.lang.invoke.DirectMethodHandle$Holder.invokeStaticInit(java.lang.Object, java.lang.Object, int, int, int, int)'> (0x00000007114f6d58) 
thrown [t:\workspace\open\src\hotspot\share\interpreter\linkResolver.cpp, line 790]
Event: 0.737 Thread 0x000002034bcd2ad0 Exception <a 'sun/nio/fs/WindowsException'{0x0000000710bf8570}> (0x0000000710bf8570) 
thrown [t:\workspace\open\src\hotspot\share\prims\jni.cpp, line 579]
Event: 0.748 Thread 0x000002034bcd2ad0 Exception <a 'java/lang/NoSuchMethodError'{0x0000000710821358}: 'int java.lang.invoke.DirectMethodHandle$Holder.invokeStaticInit(java.lang.Object, java.lang.Object, java.lang.Object, java.lang.Object)'> (0x0000000710821358) 
thrown [t:\workspace\open\src\hotspot\share\interpreter\linkResolver.cpp, line 790]
Event: 0.750 Thread 0x000002034bcd2ad0 Exception <a 'java/lang/IncompatibleClassChangeError'{0x000000071082afc0}: Found class java.lang.Object, but interface was expected> (0x000000071082afc0) 
thrown [t:\workspace\open\src\hotspot\share\interpreter\linkResolver.cpp, line 857]
Event: 0.750 Thread 0x000002034bcd2ad0 Exception <a 'java/lang/NoSuchMethodError'{0x000000071082df08}: 'void java.lang.invoke.DirectMethodHandle$Holder.invokeStaticInit(java.lang.Object, java.lang.Object)'> (0x000000071082df08) 
thrown [t:\workspace\open\src\hotspot\share\interpreter\linkResolver.cpp, line 790]
Event: 0.751 Thread 0x000002034bcd2ad0 Exception <a 'java/lang/NoSuchMethodError'{0x0000000710834220}: 'int java.lang.invoke.DirectMethodHandle$Holder.invokeStaticInit(java.lang.Object, java.lang.Object)'> (0x0000000710834220) 
thrown [t:\workspace\open\src\hotspot\share\interpreter\linkResolver.cpp, line 790]
Event: 1.034 Thread 0x000002034bcd2ad0 Exception <a 'java/lang/NoSuchMethodError'{0x00000007118828e8}: 'void java.lang.invoke.DirectMethodHandle$Holder.invokeStatic(java.lang.Object, java.lang.Object, java.lang.Object)'> (0x00000007118828e8) 
thrown [t:\workspace\open\src\hotspot\share\interpreter\linkResolver.cpp, line 790]
Event: 1.048 Thread 0x000002034bcd2ad0 Implicit null exception at 0x000002035af526ac to 0x000002035af5286d

Events (20 events):
Event: 1.155 Thread 0x000002036ff8eb20 Thread added: 0x000002036ff8eb20
Event: 1.174 Executing  VM operation: ICBufferFull
Event: 1.174 Executing  VM operation: ICBufferFull done
Event: 1.379 Thread 0x000002036fe47790 Thread exited: 0x000002036fe47790
Event: 1.379 Thread 0x000002036fe01f40 Thread exited: 0x000002036fe01f40
Event: 1.608 Executing  VM operation: ICBufferFull
Event: 1.608 Executing  VM operation: ICBufferFull done
Event: 1.661 Executing  VM operation: ICBufferFull
Event: 1.661 Executing  VM operation: ICBufferFull done
Event: 1.663 Executing  VM operation: ICBufferFull
Event: 1.663 Executing  VM operation: ICBufferFull done
Event: 1.744 Executing  VM operation: ICBufferFull
Event: 1.744 Executing  VM operation: ICBufferFull done
Event: 2.143 Thread 0x000002036ff8de80 Thread added: 0x000002036ff8de80
Event: 2.143 loading class java/util/concurrent/atomic/AtomicReferenceFieldUpdater
Event: 2.143 loading class java/util/concurrent/atomic/AtomicReferenceFieldUpdater done
Event: 2.143 loading class java/util/concurrent/atomic/AtomicReferenceFieldUpdater$AtomicReferenceFieldUpdaterImpl
Event: 2.143 loading class java/util/concurrent/atomic/AtomicReferenceFieldUpdater$AtomicReferenceFieldUpdaterImpl done
Event: 2.143 loading class java/util/concurrent/atomic/AtomicReferenceFieldUpdater$AtomicReferenceFieldUpdaterImpl$1
Event: 2.143 loading class java/util/concurrent/atomic/AtomicReferenceFieldUpdater$AtomicReferenceFieldUpdaterImpl$1 done


Dynamic libraries:
0x00007ff7e4fc0000 - 0x00007ff7e4fce000 	C:\Users\etyso\.jdks\openjdk-16.0.2\bin\java.exe
0x00007fffae7d0000 - 0x00007fffae9e1000 	C:\WINDOWS\SYSTEM32\ntdll.dll
0x00007fffad670000 - 0x00007fffad732000 	C:\WINDOWS\System32\KERNEL32.DLL
0x00007fffabff0000 - 0x00007fffac389000 	C:\WINDOWS\System32\KERNELBASE.dll
0x00007fffabed0000 - 0x00007fffabfe1000 	C:\WINDOWS\System32\ucrtbase.dll
0x00007fffa2190000 - 0x00007fffa21a9000 	C:\Users\etyso\.jdks\openjdk-16.0.2\bin\VCRUNTIME140.dll
0x00007fffa24f0000 - 0x00007fffa2508000 	C:\Users\etyso\.jdks\openjdk-16.0.2\bin\jli.dll
0x00007fffada10000 - 0x00007fffadbbb000 	C:\WINDOWS\System32\USER32.dll
0x00007fff972a0000 - 0x00007fff97543000 	C:\WINDOWS\WinSxS\amd64_microsoft.windows.common-controls_6595b64144ccf1df_6.0.22557.1_none_5f048c739dca0b54\COMCTL32.dll
0x00007fffabd00000 - 0x00007fffabd26000 	C:\WINDOWS\System32\win32u.dll
0x00007fffae520000 - 0x00007fffae549000 	C:\WINDOWS\System32\GDI32.dll
0x00007fffadc70000 - 0x00007fffadd15000 	C:\WINDOWS\System32\msvcrt.dll
0x00007fffabd30000 - 0x00007fffabe48000 	C:\WINDOWS\System32\gdi32full.dll
0x00007fffabc60000 - 0x00007fffabcfa000 	C:\WINDOWS\System32\msvcp_win.dll
0x00007fffadd20000 - 0x00007fffadd51000 	C:\WINDOWS\System32\IMM32.DLL
0x00007fffa2520000 - 0x00007fffa252c000 	C:\Users\etyso\.jdks\openjdk-16.0.2\bin\vcruntime140_1.dll
0x00007fff7e1a0000 - 0x00007fff7e231000 	C:\Users\etyso\.jdks\openjdk-16.0.2\bin\msvcp140.dll
0x00007fff21f80000 - 0x00007fff22b2b000 	C:\Users\etyso\.jdks\openjdk-16.0.2\bin\server\jvm.dll
0x00007fffad740000 - 0x00007fffad7ee000 	C:\WINDOWS\System32\ADVAPI32.dll
0x00007fffae550000 - 0x00007fffae5f7000 	C:\WINDOWS\System32\sechost.dll
0x00007fffae600000 - 0x00007fffae71e000 	C:\WINDOWS\System32\RPCRT4.dll
0x00007fffadbc0000 - 0x00007fffadbc8000 	C:\WINDOWS\System32\PSAPI.DLL
0x00007fffa92f0000 - 0x00007fffa92f9000 	C:\WINDOWS\SYSTEM32\WSOCK32.dll
0x00007fffa2c70000 - 0x00007fffa2ca4000 	C:\WINDOWS\SYSTEM32\WINMM.dll
0x00007fffae480000 - 0x00007fffae4f1000 	C:\WINDOWS\System32\WS2_32.dll
0x00007fffa5890000 - 0x00007fffa589a000 	C:\WINDOWS\SYSTEM32\VERSION.dll
0x00007fffaabf0000 - 0x00007fffaac08000 	C:\WINDOWS\SYSTEM32\kernel.appcore.dll
0x00007fffa24d0000 - 0x00007fffa24da000 	C:\Users\etyso\.jdks\openjdk-16.0.2\bin\jimage.dll
0x00007fffa2720000 - 0x00007fffa294e000 	C:\WINDOWS\SYSTEM32\DBGHELP.DLL
0x00007fffac9f0000 - 0x00007fffacd68000 	C:\WINDOWS\System32\combase.dll
0x00007fffac620000 - 0x00007fffac6f7000 	C:\WINDOWS\System32\OLEAUT32.dll
0x00007fffa26e0000 - 0x00007fffa2712000 	C:\WINDOWS\SYSTEM32\dbgcore.DLL
0x00007fffabe50000 - 0x00007fffabecb000 	C:\WINDOWS\System32\bcryptPrimitives.dll
0x00007fffa2180000 - 0x00007fffa218e000 	C:\Users\etyso\.jdks\openjdk-16.0.2\bin\instrument.dll
0x00007fff9bd10000 - 0x00007fff9bd35000 	C:\Users\etyso\.jdks\openjdk-16.0.2\bin\java.dll
0x00007ffface70000 - 0x00007fffad65a000 	C:\WINDOWS\System32\SHELL32.dll
0x00007fffa9c10000 - 0x00007fffaa49b000 	C:\WINDOWS\SYSTEM32\windows.storage.dll
0x00007fffa9ad0000 - 0x00007fffa9c0e000 	C:\WINDOWS\SYSTEM32\wintypes.dll
0x00007fffacd70000 - 0x00007ffface61000 	C:\WINDOWS\System32\SHCORE.dll
0x00007fffac5c0000 - 0x00007fffac61b000 	C:\WINDOWS\System32\shlwapi.dll
0x00007fffabb20000 - 0x00007fffabb41000 	C:\WINDOWS\SYSTEM32\profapi.dll
0x00007fff97e90000 - 0x00007fff97ea8000 	C:\Users\etyso\.jdks\openjdk-16.0.2\bin\zip.dll
0x00007fffa0820000 - 0x00007fffa0839000 	C:\Users\etyso\.jdks\openjdk-16.0.2\bin\net.dll
0x00007fffa1990000 - 0x00007fffa1aa2000 	C:\WINDOWS\SYSTEM32\WINHTTP.dll
0x00007fffab190000 - 0x00007fffab1f9000 	C:\WINDOWS\system32\mswsock.dll
0x00007fff9bd70000 - 0x00007fff9bd83000 	C:\Users\etyso\.jdks\openjdk-16.0.2\bin\nio.dll
0x00007fff965d0000 - 0x00007fff965ea000 	C:\Program Files\JetBrains\IntelliJ IDEA Community Edition 2021.2\bin\breakgen64.dll
0x00007fffa1240000 - 0x00007fffa1250000 	C:\Users\etyso\.jdks\openjdk-16.0.2\bin\verify.dll
0x00007fffab470000 - 0x00007fffab48b000 	C:\WINDOWS\SYSTEM32\CRYPTSP.dll
0x00007fffaabb0000 - 0x00007fffaabe5000 	C:\WINDOWS\system32\rsaenh.dll
0x00007fffab230000 - 0x00007fffab258000 	C:\WINDOWS\SYSTEM32\USERENV.dll
0x00007fffab5a0000 - 0x00007fffab5c8000 	C:\WINDOWS\SYSTEM32\bcrypt.dll
0x00007fffab380000 - 0x00007fffab38c000 	C:\WINDOWS\SYSTEM32\CRYPTBASE.dll
0x00007fffaa6f0000 - 0x00007fffaa71d000 	C:\WINDOWS\SYSTEM32\IPHLPAPI.DLL
0x00007fffadc60000 - 0x00007fffadc69000 	C:\WINDOWS\System32\NSI.dll
0x00007fff9f4d0000 - 0x00007fff9f4e9000 	C:\WINDOWS\SYSTEM32\dhcpcsvc6.DLL
0x00007fff9f4b0000 - 0x00007fff9f4cf000 	C:\WINDOWS\SYSTEM32\dhcpcsvc.DLL
0x00007fffaa720000 - 0x00007fffaa817000 	C:\WINDOWS\SYSTEM32\DNSAPI.dll
0x0000000070bc0000 - 0x0000000070c9c000 	C:\Users\etyso\AppData\Local\Temp\sqlite-3.36.0.3-3315cc9e-8460-419d-80bb-831fd8801932-sqlitejdbc.dll
0x00007fff965b0000 - 0x00007fff965be000 	C:\Users\etyso\.jdks\openjdk-16.0.2\bin\sunmscapi.dll
0x00007fffac450000 - 0x00007fffac5b3000 	C:\WINDOWS\System32\CRYPT32.dll
0x00007fffab530000 - 0x00007fffab55e000 	C:\WINDOWS\SYSTEM32\ncrypt.dll
0x00007fffab4c0000 - 0x00007fffab4f7000 	C:\WINDOWS\SYSTEM32\NTASN1.dll
0x00007fff9da10000 - 0x00007fff9da1a000 	C:\Windows\System32\rasadhlp.dll
0x00007fff9e900000 - 0x00007fff9e983000 	C:\WINDOWS\System32\fwpuclnt.dll

dbghelp: loaded successfully - version: 4.0.5 - missing functions: none
symbol engine: initialized successfully - sym options: 0x614 - pdb path: .;C:\Users\etyso\.jdks\openjdk-16.0.2\bin;C:\WINDOWS\SYSTEM32;C:\WINDOWS\WinSxS\amd64_microsoft.windows.common-controls_6595b64144ccf1df_6.0.22557.1_none_5f048c739dca0b54;C:\Users\etyso\.jdks\openjdk-16.0.2\bin\server;C:\Program Files\JetBrains\IntelliJ IDEA Community Edition 2021.2\bin;C:\Users\etyso\AppData\Local\Temp

VM Arguments:
jvm_args: -ea -Didea.test.cyclic.buffer.size=1048576 -javaagent:C:\Program Files\JetBrains\IntelliJ IDEA Community Edition 2021.2\lib\idea_rt.jar=59233:C:\Program Files\JetBrains\IntelliJ IDEA Community Edition 2021.2\bin -Dfile.encoding=UTF-8 
java_command: com.intellij.rt.junit.JUnitStarter -ideVersion5 -junit4 ru.etysoft.cuteframework.CuteFrameworkTest
java_class_path (initial): C:\Program Files\JetBrains\IntelliJ IDEA Community Edition 2021.2\lib\idea_rt.jar;C:\Program Files\JetBrains\IntelliJ IDEA Community Edition 2021.2\plugins\junit\lib\junit5-rt.jar;C:\Program Files\JetBrains\IntelliJ IDEA Community Edition 2021.2\plugins\junit\lib\junit-rt.jar;C:\Users\etyso\IdeaProjects\CuteFramework\out\production\CuteFramework;C:\Users\etyso\.m2\repository\org\json\json\20210307\json-20210307.jar;C:\Users\etyso\.m2\repository\com\squareup\okhttp3\okhttp\4.9.1\okhttp-4.9.1.jar;C:\Users\etyso\.m2\repository\com\squareup\okio\okio\2.8.0\okio-2.8.0.jar;C:\Users\etyso\.m2\repository\org\jetbrains\kotlin\kotlin-stdlib-common\1.4.0\kotlin-stdlib-common-1.4.0.jar;C:\Users\etyso\.m2\repository\org\jetbrains\kotlin\kotlin-stdlib\1.4.10\kotlin-stdlib-1.4.10.jar;C:\Users\etyso\.m2\repository\org\jetbrains\annotations\13.0\annotations-13.0.jar;C:\Users\etyso\.m2\repository\junit\junit\4.12\junit-4.12.jar;C:\Users\etyso\.m2\repository\org\hamcrest\hamcrest-core\1.3\hamcrest-core-1.3.jar;C:\Users\etyso\.m2\repository\javax\websocket\javax.websocket-client-api\1.1\javax.websocket-client-api-1.1.jar;C:\Users\etyso\.m2\repository\org\glassfish\tyrus\tyrus-container-grizzly\1.1\tyrus-container-grizzly-1.1.jar;C:\Users\etyso\.m2\repository\org\glassfish\grizzly\grizzly-framework\2.3.3\grizzly-framework-2.3.3.jar;C:\Users\etyso\.m2\repository\org\glassfish\grizzly\grizzly-http-server\2.3.3\grizzly-http-server-2.3.3.jar;C:\Users\etyso\.m2\repository\org\glassfish\grizzly\grizzly-http\2.3.3\grizzly-http-2.3.3.jar;C:\Users\etyso\.m2\repository\org\glassfish\grizzly\grizzly-rcm\2.3.3\grizzly-rcm-2.3.3.jar;C:\Users\etyso\.m2\repository\org\glassfish\tyrus\tyrus-core\1.1\tyrus-core-1.1.jar;C:\Users\etyso\.m2\repository\org\glassfish\tyrus\tyrus-spi\1.1\tyrus-spi-1.1.jar;C:\Users\etyso\.m2\repository\javax\websocket\javax.websocket-api\1.0\javax.websocket-api-1.0.jar;C:\Users\etyso\.m2\repository\org\glassfish\tyrus\tyrus-websocket-core\1.1\tyrus
Launcher Type: SUN_STANDARD

[Global flags]
     intx CICompilerCount                          = 4                                         {product} {ergonomic}
     uint ConcGCThreads                            = 2                                         {product} {ergonomic}
     uint G1ConcRefinementThreads                  = 8                                         {product} {ergonomic}
   size_t G1HeapRegionSize                         = 2097152                                   {product} {ergonomic}
    uintx GCDrainStackTargetSize                   = 64                                        {product} {ergonomic}
   size_t InitialHeapSize                          = 266338304                                 {product} {ergonomic}
   size_t MarkStackSize                            = 4194304                                   {product} {ergonomic}
   size_t MaxHeapSize                              = 4261412864                                {product} {ergonomic}
   size_t MaxNewSize                               = 2556428288                                {product} {ergonomic}
   size_t MinHeapDeltaBytes                        = 2097152                                   {product} {ergonomic}
   size_t MinHeapSize                              = 8388608                                   {product} {ergonomic}
    uintx NonNMethodCodeHeapSize                   = 5839372                                {pd product} {ergonomic}
    uintx NonProfiledCodeHeapSize                  = 122909434                              {pd product} {ergonomic}
    uintx ProfiledCodeHeapSize                     = 122909434                              {pd product} {ergonomic}
    uintx ReservedCodeCacheSize                    = 251658240                              {pd product} {ergonomic}
     bool SegmentedCodeCache                       = true                                      {product} {ergonomic}
   size_t SoftMaxHeapSize                          = 4261412864                             {manageable} {ergonomic}
     bool UseCompressedClassPointers               = true                           {product lp64_product} {ergonomic}
     bool UseCompressedOops                        = true                           {product lp64_product} {ergonomic}
     bool UseG1GC                                  = true                                      {product} {ergonomic}
     bool UseLargePagesIndividualAllocation        = false                                  {pd product} {ergonomic}

Logging:
Log output configuration:
 #0: stdout all=warning uptime,level,tags
 #1: stderr all=off uptime,level,tags

Environment Variables:
PATH=C:\Program Files\Common Files\Oracle\Java\javapath;C:\Program Files (x86)\VMware\VMware Workstation\bin\;C:\Program Files (x86)\Common Files\Oracle\Java\javapath;C:\Program Files (x86)\Common Files\Intel\Shared Libraries\redist\intel64\compiler;C:\ProgramData\Oracle\Java\javapath;C:\Windows\system32;C:\Windows;C:\Windows\System32\Wbem;C:\Windows\System32\WindowsPowerShell\v1.0\;C:\Windows\System32\OpenSSH\;C:\Program Files\dotnet\;C:\Program Files\PuTTY\;C:\Program Files\Git\cmd;C:\Program Files\NVIDIA Corporation\NVIDIA NvDLISR;C:\ffmpeg-4.3.2-2021-02-20-full_build\bin;C:\WINDOWS\system32;C:\WINDOWS;C:\WINDOWS\System32\Wbem;C:\WINDOWS\System32\WindowsPowerShell\v1.0\;C:\WINDOWS\System32\OpenSSH\;C:\Program Files\nodejs\;E:\apache-maven-3.8.1\bin;;C:\Program Files (x86)\NVIDIA Corporation\PhysX\Common;C:\WINDOWS\system32;C:\WINDOWS;C:\WINDOWS\System32\Wbem;C:\WINDOWS\System32\WindowsPowerShell\v1.0\;C:\WINDOWS\System32\OpenSSH\;C:\Program Files\CMake\bin;C:\Users\etyso\AppData\Local\Microsoft\WindowsApps;C:\Users\etyso\AppData\Local\GitHubDesktop\bin;C:\Users\etyso\AppData\Local\atom\bin;C:\Users\etyso\AppData\Local\Microsoft\WindowsApps;C:\Users\etyso\AppData\Roaming\npm;;C:\Users\etyso\AppData\Local\Programs\Microsoft VS Code\bin
USERNAME=etyso
OS=Windows_NT
PROCESSOR_IDENTIFIER=Intel64 Family 6 Model 165 Stepping 3, GenuineIntel



---------------  S Y S T E M  ---------------

OS:
 Windows 10 , 64 bit Build 22557 (10.0.22557.1)
OS uptime: 2 days 7:38 hours
Hyper-V role detected

CPU: total 8 (initial active 8) (4 cores per cpu, 2 threads per core) family 6 model 165 stepping 3 microcode 0xe0, cx8, cmov, fxsr, ht, mmx, 3dnowpref, sse, sse2, sse3, ssse3, sse4.1, sse4.2, popcnt, lzcnt, tsc, tscinvbit, avx, avx2, aes, erms, clmul, bmi1, bmi2, adx, fma, vzeroupper, clflush, clflushopt, hv

Memory: 4k page, system-wide physical 16251M (1327M free)
TotalPageFile size 37467M (AvailPageFile size 6478M)
current process WorkingSet (physical memory assigned to process): 94M, peak: 95M
current process commit charge ("private bytes"): 368M, peak: 369M

vm_info: OpenJDK 64-Bit Server VM (16.0.2+7-67) for windows-amd64 JRE (16.0.2+7-67), built on Jun  8 2021 23:21:43 by "mach5one" with MS VC++ 16.7 (VS2019)

END.
